<?xml version="1.0" encoding="UTF-8"?>
<coverage generated="1774293821080" clover="3.2.0">
  <project timestamp="1774293821080" name="All files">
    <metrics statements="91" coveredstatements="82" conditionals="23" coveredconditionals="19" methods="28" coveredmethods="25" elements="142" coveredelements="126" complexity="0" loc="91" ncloc="91" packages="10" files="13" classes="13"/>
    <package name="src">
      <metrics statements="3" coveredstatements="3" conditionals="0" coveredconditionals="0" methods="1" coveredmethods="1"/>
      <file name="GifsApp.tsx" path="/home/felipe/Programming/Courses/React/DevTalles/04-gifs-app/src/GifsApp.tsx">
        <metrics statements="3" coveredstatements="3" conditionals="0" coveredconditionals="0" methods="1" coveredmethods="1"/>
        <line num="8" count="1" type="stmt"/>
        <line num="9" count="1" type="stmt"/>
        <line num="12" count="1" type="stmt"/>
      </file>
    </package>
    <package name="src.counter.components">
      <metrics statements="5" coveredstatements="5" conditionals="0" coveredconditionals="0" methods="2" coveredmethods="2"/>
      <file name="CounterApp.tsx" path="/home/felipe/Programming/Courses/React/DevTalles/04-gifs-app/src/counter/components/CounterApp.tsx">
        <metrics statements="5" coveredstatements="5" conditionals="0" coveredconditionals="0" methods="2" coveredmethods="2"/>
        <line num="6" count="2" type="stmt"/>
        <line num="7" count="15" type="stmt"/>
        <line num="9" count="15" type="stmt"/>
        <line num="26" count="2" type="stmt"/>
        <line num="27" count="45" type="stmt"/>
      </file>
      <file name="index.css" path="/home/felipe/Programming/Courses/React/DevTalles/04-gifs-app/src/counter/components/index.css">
        <metrics statements="0" coveredstatements="0" conditionals="0" coveredconditionals="0" methods="0" coveredmethods="0"/>
      </file>
    </package>
    <package name="src.counter.hooks">
      <metrics statements="9" coveredstatements="9" conditionals="1" coveredconditionals="1" methods="4" coveredmethods="4"/>
      <file name="useCounter.tsx" path="/home/felipe/Programming/Courses/React/DevTalles/04-gifs-app/src/counter/hooks/useCounter.tsx">
        <metrics statements="9" coveredstatements="9" conditionals="1" coveredconditionals="1" methods="4" coveredmethods="4"/>
        <line num="3" count="2" type="cond" truecount="1" falsecount="0"/>
        <line num="4" count="33" type="stmt"/>
        <line num="6" count="33" type="stmt"/>
        <line num="7" count="7" type="stmt"/>
        <line num="9" count="33" type="stmt"/>
        <line num="10" count="7" type="stmt"/>
        <line num="12" count="33" type="stmt"/>
        <line num="13" count="6" type="stmt"/>
        <line num="16" count="33" type="stmt"/>
      </file>
    </package>
    <package name="src.gifs.actions">
      <metrics statements="8" coveredstatements="8" conditionals="2" coveredconditionals="2" methods="2" coveredmethods="2"/>
      <file name="get-gifs-by-query.action.ts" path="/home/felipe/Programming/Courses/React/DevTalles/04-gifs-app/src/gifs/actions/get-gifs-by-query.action.ts">
        <metrics statements="8" coveredstatements="8" conditionals="2" coveredconditionals="2" methods="2" coveredmethods="2"/>
        <line num="5" count="3" type="stmt"/>
        <line num="20" count="3" type="cond" truecount="2" falsecount="0"/>
        <line num="21" count="1" type="stmt"/>
        <line num="24" count="2" type="stmt"/>
        <line num="25" count="2" type="stmt"/>
        <line num="33" count="10" type="stmt"/>
        <line num="41" count="1" type="stmt"/>
        <line num="42" count="1" type="stmt"/>
      </file>
    </package>
    <package name="src.gifs.api">
      <metrics statements="1" coveredstatements="1" conditionals="0" coveredconditionals="0" methods="0" coveredmethods="0"/>
      <file name="giphy.api.ts" path="/home/felipe/Programming/Courses/React/DevTalles/04-gifs-app/src/gifs/api/giphy.api.ts">
        <metrics statements="1" coveredstatements="1" conditionals="0" coveredconditionals="0" methods="0" coveredmethods="0"/>
        <line num="3" count="4" type="stmt"/>
      </file>
    </package>
    <package name="src.gifs.components">
      <metrics statements="3" coveredstatements="3" conditionals="0" coveredconditionals="0" methods="2" coveredmethods="2"/>
      <file name="GifList.tsx" path="/home/felipe/Programming/Courses/React/DevTalles/04-gifs-app/src/gifs/components/GifList.tsx">
        <metrics statements="3" coveredstatements="3" conditionals="0" coveredconditionals="0" methods="2" coveredmethods="2"/>
        <line num="7" count="1" type="stmt"/>
        <line num="8" count="1" type="stmt"/>
        <line num="10" count="6" type="stmt"/>
      </file>
    </package>
    <package name="src.gifs.hooks">
      <metrics statements="38" coveredstatements="34" conditionals="12" coveredconditionals="10" methods="6" coveredmethods="6"/>
      <file name="useGifs.tsx" path="/home/felipe/Programming/Courses/React/DevTalles/04-gifs-app/src/gifs/hooks/useGifs.tsx">
        <metrics statements="38" coveredstatements="34" conditionals="12" coveredconditionals="10" methods="6" coveredmethods="6"/>
        <line num="10" count="2" type="stmt"/>
        <line num="11" count="25" type="stmt"/>
        <line num="12" count="25" type="stmt"/>
        <line num="13" count="25" type="stmt"/>
        <line num="14" count="25" type="stmt"/>
        <line num="16" count="25" type="stmt"/>
        <line num="18" count="3" type="stmt"/>
        <line num="20" count="3" type="stmt"/>
        <line num="22" count="3" type="cond" truecount="2" falsecount="0"/>
        <line num="23" count="1" type="stmt"/>
        <line num="24" count="1" type="stmt"/>
        <line num="27" count="2" type="stmt"/>
        <line num="28" count="2" type="stmt"/>
        <line num="29" count="2" type="stmt"/>
        <line num="32" count="25" type="stmt"/>
        <line num="34" count="16" type="stmt"/>
        <line num="38" count="16" type="stmt"/>
        <line num="39" count="45" type="stmt"/>
        <line num="43" count="16" type="cond" truecount="2" falsecount="0"/>
        <line num="44" count="2" type="stmt"/>
        <line num="47" count="16" type="stmt"/>
        <line num="51" count="25" type="stmt"/>
        <line num="52" count="17" type="cond" truecount="1" falsecount="1"/>
        <line num="53" count="0" type="stmt"/>
        <line num="54" count="0" type="stmt"/>
        <line num="58" count="17" type="stmt"/>
        <line num="61" count="17" type="cond" truecount="2" falsecount="0"/>
        <line num="64" count="16" type="stmt"/>
        <line num="67" count="16" type="cond" truecount="2" falsecount="0"/>
        <line num="70" count="13" type="stmt"/>
        <line num="72" count="13" type="cond" truecount="1" falsecount="1"/>
        <line num="73" count="0" type="stmt"/>
        <line num="74" count="0" type="stmt"/>
        <line num="78" count="13" type="stmt"/>
        <line num="79" count="13" type="stmt"/>
        <line num="81" count="13" type="stmt"/>
        <line num="82" count="13" type="stmt"/>
        <line num="85" count="25" type="stmt"/>
      </file>
    </package>
    <package name="src.sample-data">
      <metrics statements="1" coveredstatements="1" conditionals="0" coveredconditionals="0" methods="0" coveredmethods="0"/>
      <file name="gifs.sample.ts" path="/home/felipe/Programming/Courses/React/DevTalles/04-gifs-app/src/sample-data/gifs.sample.ts">
        <metrics statements="1" coveredstatements="1" conditionals="0" coveredconditionals="0" methods="0" coveredmethods="0"/>
        <line num="3" count="2" type="stmt"/>
      </file>
    </package>
    <package name="src.shared.components">
      <metrics statements="22" coveredstatements="17" conditionals="8" coveredconditionals="6" methods="11" coveredmethods="8"/>
      <file name="AppHeader.tsx" path="/home/felipe/Programming/Courses/React/DevTalles/04-gifs-app/src/shared/components/AppHeader.tsx">
        <metrics statements="2" coveredstatements="2" conditionals="2" coveredconditionals="2" methods="1" coveredmethods="1"/>
        <line num="6" count="2" type="stmt"/>
        <line num="7" count="4" type="stmt"/>
      </file>
      <file name="PreviousSearches.tsx" path="/home/felipe/Programming/Courses/React/DevTalles/04-gifs-app/src/shared/components/PreviousSearches.tsx">
        <metrics statements="4" coveredstatements="2" conditionals="0" coveredconditionals="0" methods="3" coveredmethods="1"/>
        <line num="10" count="1" type="stmt"/>
        <line num="14" count="1" type="stmt"/>
        <line num="17" count="0" type="stmt"/>
        <line num="21" count="0" type="stmt"/>
      </file>
      <file name="SearchBar.tsx" path="/home/felipe/Programming/Courses/React/DevTalles/04-gifs-app/src/shared/components/SearchBar.tsx">
        <metrics statements="16" coveredstatements="13" conditionals="6" coveredconditionals="4" methods="7" coveredmethods="6"/>
        <line num="12" count="2" type="stmt"/>
        <line num="20" count="12" type="stmt"/>
        <line num="22" count="12" type="stmt"/>
        <line num="24" count="12" type="stmt"/>
        <line num="25" count="12" type="stmt"/>
        <line num="26" count="3" type="stmt"/>
        <line num="29" count="12" type="stmt"/>
        <line num="30" count="12" type="stmt"/>
        <line num="34" count="12" type="stmt"/>
        <line num="35" count="1" type="stmt"/>
        <line num="40" count="12" type="stmt"/>
        <line num="41" count="0" type="cond" truecount="0" falsecount="2"/>
        <line num="42" count="0" type="stmt"/>
        <line num="43" count="0" type="stmt"/>
        <line num="47" count="12" type="stmt"/>
        <line num="54" count="6" type="stmt"/>
      </file>
    </package>
    <package name="tests.mocks">
      <metrics statements="1" coveredstatements="1" conditionals="0" coveredconditionals="0" methods="0" coveredmethods="0"/>
      <file name="giphy.response.data.ts" path="/home/felipe/Programming/Courses/React/DevTalles/04-gifs-app/tests/mocks/giphy.response.data.ts">
        <metrics statements="1" coveredstatements="1" conditionals="0" coveredconditionals="0" methods="0" coveredmethods="0"/>
        <line num="1" count="1" type="stmt"/>
      </file>
    </package>
  </project>
</coverage>
