{"/home/felipe/Programming/Courses/React/DevTalles/04-gifs-app/src/GifsApp.tsx": {"path":"/home/felipe/Programming/Courses/React/DevTalles/04-gifs-app/src/GifsApp.tsx","statementMap":{"0":{"start":{"line":8,"column":23},"end":{"line":37,"column":null}},"1":{"start":{"line":9,"column":72},"end":{"line":10,"column":null}},"2":{"start":{"line":12,"column":2},"end":{"line":34,"column":null}}},"fnMap":{"0":{"name":"(anonymous_0)","decl":{"start":{"line":8,"column":23},"end":{"line":8,"column":null}},"loc":{"start":{"line":8,"column":23},"end":{"line":37,"column":null}},"line":8}},"branchMap":{},"s":{"0":1,"1":1,"2":1},"f":{"0":1},"b":{},"meta":{"lastBranch":0,"lastFunction":1,"lastStatement":3,"seen":{"s:8:23:37:Infinity":0,"f:8:23:8:Infinity":0,"s:9:72:10:Infinity":1,"s:12:2:34:Infinity":2}}}
,"/home/felipe/Programming/Courses/React/DevTalles/04-gifs-app/src/counter/components/CounterApp.tsx": {"path":"/home/felipe/Programming/Courses/React/DevTalles/04-gifs-app/src/counter/components/CounterApp.tsx","statementMap":{"0":{"start":{"line":6,"column":26},"end":{"line":19,"column":null}},"1":{"start":{"line":7,"column":59},"end":{"line":7,"column":null}},"2":{"start":{"line":9,"column":2},"end":{"line":15,"column":null}},"3":{"start":{"line":26,"column":21},"end":{"line":35,"column":null}},"4":{"start":{"line":27,"column":2},"end":{"line":32,"column":null}}},"fnMap":{"0":{"name":"(anonymous_0)","decl":{"start":{"line":6,"column":26},"end":{"line":6,"column":null}},"loc":{"start":{"line":6,"column":26},"end":{"line":19,"column":null}},"line":6},"1":{"name":"(anonymous_1)","decl":{"start":{"line":26,"column":21},"end":{"line":26,"column":31}},"loc":{"start":{"line":26,"column":65},"end":{"line":35,"column":null}},"line":26}},"branchMap":{},"s":{"0":2,"1":15,"2":15,"3":2,"4":45},"f":{"0":15,"1":45},"b":{},"meta":{"lastBranch":0,"lastFunction":2,"lastStatement":5,"seen":{"s:6:26:19:Infinity":0,"f:6:26:6:Infinity":0,"s:7:59:7:Infinity":1,"s:9:2:15:Infinity":2,"s:26:21:35:Infinity":3,"f:26:21:26:31":1,"s:27:2:32:Infinity":4}}}
,"/home/felipe/Programming/Courses/React/DevTalles/04-gifs-app/src/counter/components/index.css": {"path":"/home/felipe/Programming/Courses/React/DevTalles/04-gifs-app/src/counter/components/index.css","statementMap":{},"fnMap":{},"branchMap":{},"s":{},"f":{},"b":{},"meta":{"lastBranch":0,"lastFunction":0,"lastStatement":0,"seen":{}}}
,"/home/felipe/Programming/Courses/React/DevTalles/04-gifs-app/src/counter/hooks/useCounter.tsx": {"path":"/home/felipe/Programming/Courses/React/DevTalles/04-gifs-app/src/counter/hooks/useCounter.tsx","statementMap":{"0":{"start":{"line":3,"column":26},"end":{"line":25,"column":null}},"1":{"start":{"line":4,"column":29},"end":{"line":4,"column":null}},"2":{"start":{"line":6,"column":20},"end":{"line":8,"column":null}},"3":{"start":{"line":7,"column":4},"end":{"line":7,"column":null}},"4":{"start":{"line":9,"column":25},"end":{"line":11,"column":null}},"5":{"start":{"line":10,"column":4},"end":{"line":10,"column":null}},"6":{"start":{"line":12,"column":22},"end":{"line":14,"column":null}},"7":{"start":{"line":13,"column":4},"end":{"line":13,"column":null}},"8":{"start":{"line":16,"column":2},"end":{"line":24,"column":null}}},"fnMap":{"0":{"name":"(anonymous_0)","decl":{"start":{"line":3,"column":26},"end":{"line":3,"column":27}},"loc":{"start":{"line":3,"column":52},"end":{"line":25,"column":null}},"line":3},"1":{"name":"(anonymous_1)","decl":{"start":{"line":6,"column":20},"end":{"line":6,"column":null}},"loc":{"start":{"line":6,"column":20},"end":{"line":8,"column":null}},"line":6},"2":{"name":"(anonymous_2)","decl":{"start":{"line":9,"column":25},"end":{"line":9,"column":null}},"loc":{"start":{"line":9,"column":25},"end":{"line":11,"column":null}},"line":9},"3":{"name":"(anonymous_3)","decl":{"start":{"line":12,"column":22},"end":{"line":12,"column":null}},"loc":{"start":{"line":12,"column":22},"end":{"line":14,"column":null}},"line":12}},"branchMap":{"0":{"loc":{"start":{"line":3,"column":27},"end":{"line":3,"column":52}},"type":"default-arg","locations":[{"start":{"line":3,"column":50},"end":{"line":3,"column":52}}],"line":3}},"s":{"0":2,"1":33,"2":33,"3":7,"4":33,"5":7,"6":33,"7":6,"8":33},"f":{"0":33,"1":7,"2":7,"3":6},"b":{"0":[33]},"meta":{"lastBranch":1,"lastFunction":4,"lastStatement":9,"seen":{"s:3:26:25:Infinity":0,"f:3:26:3:27":0,"b:3:50:3:52":0,"s:4:29:4:Infinity":1,"s:6:20:8:Infinity":2,"f:6:20:6:Infinity":1,"s:7:4:7:Infinity":3,"s:9:25:11:Infinity":4,"f:9:25:9:Infinity":2,"s:10:4:10:Infinity":5,"s:12:22:14:Infinity":6,"f:12:22:12:Infinity":3,"s:13:4:13:Infinity":7,"s:16:2:24:Infinity":8}}}
,"/home/felipe/Programming/Courses/React/DevTalles/04-gifs-app/src/gifs/actions/get-gifs-by-query.action.ts": {"path":"/home/felipe/Programming/Courses/React/DevTalles/04-gifs-app/src/gifs/actions/get-gifs-by-query.action.ts","statementMap":{"0":{"start":{"line":5,"column":30},"end":{"line":44,"column":null}},"1":{"start":{"line":20,"column":2},"end":{"line":22,"column":null}},"2":{"start":{"line":21,"column":4},"end":{"line":21,"column":null}},"3":{"start":{"line":24,"column":2},"end":{"line":43,"column":null}},"4":{"start":{"line":25,"column":21},"end":{"line":31,"column":null}},"5":{"start":{"line":33,"column":4},"end":{"line":39,"column":null}},"6":{"start":{"line":33,"column":44},"end":{"line":39,"column":null}},"7":{"start":{"line":41,"column":4},"end":{"line":41,"column":null}},"8":{"start":{"line":42,"column":4},"end":{"line":42,"column":null}}},"fnMap":{"0":{"name":"(anonymous_0)","decl":{"start":{"line":5,"column":30},"end":{"line":5,"column":37}},"loc":{"start":{"line":5,"column":37},"end":{"line":44,"column":null}},"line":5},"1":{"name":"(anonymous_1)","decl":{"start":{"line":33,"column":34},"end":{"line":33,"column":35}},"loc":{"start":{"line":33,"column":44},"end":{"line":39,"column":null}},"line":33}},"branchMap":{"0":{"loc":{"start":{"line":20,"column":2},"end":{"line":22,"column":null}},"type":"if","locations":[{"start":{"line":20,"column":2},"end":{"line":22,"column":null}},{"start":{},"end":{}}],"line":20}},"s":{"0":3,"1":3,"2":1,"3":2,"4":2,"5":1,"6":10,"7":1,"8":1},"f":{"0":3,"1":10},"b":{"0":[1,2]},"meta":{"lastBranch":1,"lastFunction":2,"lastStatement":9,"seen":{"s:5:30:44:Infinity":0,"f:5:30:5:37":0,"b:20:2:22:Infinity:undefined:undefined:undefined:undefined":0,"s:20:2:22:Infinity":1,"s:21:4:21:Infinity":2,"s:24:2:43:Infinity":3,"s:25:21:31:Infinity":4,"s:33:4:39:Infinity":5,"f:33:34:33:35":1,"s:33:44:39:Infinity":6,"s:41:4:41:Infinity":7,"s:42:4:42:Infinity":8}}}
,"/home/felipe/Programming/Courses/React/DevTalles/04-gifs-app/src/gifs/api/giphy.api.ts": {"path":"/home/felipe/Programming/Courses/React/DevTalles/04-gifs-app/src/gifs/api/giphy.api.ts","statementMap":{"0":{"start":{"line":3,"column":24},"end":{"line":10,"column":null}}},"fnMap":{},"branchMap":{},"s":{"0":4},"f":{},"b":{},"meta":{"lastBranch":0,"lastFunction":0,"lastStatement":1,"seen":{"s:3:24:10:Infinity":0}}}
,"/home/felipe/Programming/Courses/React/DevTalles/04-gifs-app/src/gifs/components/GifList.tsx": {"path":"/home/felipe/Programming/Courses/React/DevTalles/04-gifs-app/src/gifs/components/GifList.tsx","statementMap":{"0":{"start":{"line":7,"column":23},"end":{"line":26,"column":null}},"1":{"start":{"line":8,"column":2},"end":{"line":11,"column":26}},"2":{"start":{"line":10,"column":17},"end":{"line":11,"column":26}}},"fnMap":{"0":{"name":"(anonymous_0)","decl":{"start":{"line":7,"column":23},"end":{"line":7,"column":33}},"loc":{"start":{"line":7,"column":48},"end":{"line":26,"column":null}},"line":7},"1":{"name":"(anonymous_1)","decl":{"start":{"line":10,"column":16},"end":{"line":10,"column":17}},"loc":{"start":{"line":10,"column":17},"end":{"line":11,"column":26}},"line":10}},"branchMap":{},"s":{"0":1,"1":1,"2":6},"f":{"0":1,"1":6},"b":{},"meta":{"lastBranch":0,"lastFunction":2,"lastStatement":3,"seen":{"s:7:23:26:Infinity":0,"f:7:23:7:33":0,"s:8:2:11:26":1,"f:10:16:10:17":1,"s:10:17:11:26":2}}}
,"/home/felipe/Programming/Courses/React/DevTalles/04-gifs-app/src/gifs/hooks/useGifs.tsx": {"path":"/home/felipe/Programming/Courses/React/DevTalles/04-gifs-app/src/gifs/hooks/useGifs.tsx","statementMap":{"0":{"start":{"line":10,"column":23},"end":{"line":94,"column":null}},"1":{"start":{"line":11,"column":47},"end":{"line":11,"column":null}},"2":{"start":{"line":12,"column":33},"end":{"line":12,"column":null}},"3":{"start":{"line":13,"column":8},"end":{"line":13,"column":null}},"4":{"start":{"line":14,"column":8},"end":{"line":14,"column":null}},"5":{"start":{"line":16,"column":28},"end":{"line":30,"column":null}},"6":{"start":{"line":18,"column":4},"end":{"line":18,"column":null}},"7":{"start":{"line":20,"column":4},"end":{"line":20,"column":null}},"8":{"start":{"line":22,"column":4},"end":{"line":25,"column":null}},"9":{"start":{"line":23,"column":6},"end":{"line":23,"column":null}},"10":{"start":{"line":24,"column":6},"end":{"line":24,"column":null}},"11":{"start":{"line":27,"column":17},"end":{"line":27,"column":null}},"12":{"start":{"line":28,"column":4},"end":{"line":28,"column":null}},"13":{"start":{"line":29,"column":4},"end":{"line":29,"column":null}},"14":{"start":{"line":32,"column":37},"end":{"line":49,"column":null}},"15":{"start":{"line":34,"column":4},"end":{"line":48,"column":null}},"16":{"start":{"line":38,"column":40},"end":{"line":39,"column":null}},"17":{"start":{"line":39,"column":18},"end":{"line":39,"column":null}},"18":{"start":{"line":43,"column":6},"end":{"line":45,"column":null}},"19":{"start":{"line":44,"column":8},"end":{"line":44,"column":null}},"20":{"start":{"line":47,"column":6},"end":{"line":47,"column":null}},"21":{"start":{"line":51,"column":23},"end":{"line":83,"column":null}},"22":{"start":{"line":52,"column":4},"end":{"line":55,"column":null}},"23":{"start":{"line":53,"column":6},"end":{"line":53,"column":null}},"24":{"start":{"line":54,"column":6},"end":{"line":54,"column":null}},"25":{"start":{"line":58,"column":25},"end":{"line":58,"column":null}},"26":{"start":{"line":61,"column":4},"end":{"line":61,"column":null}},"27":{"start":{"line":61,"column":23},"end":{"line":61,"column":null}},"28":{"start":{"line":64,"column":4},"end":{"line":64,"column":null}},"29":{"start":{"line":67,"column":4},"end":{"line":67,"column":null}},"30":{"start":{"line":67,"column":48},"end":{"line":67,"column":null}},"31":{"start":{"line":70,"column":4},"end":{"line":70,"column":null}},"32":{"start":{"line":72,"column":4},"end":{"line":75,"column":null}},"33":{"start":{"line":73,"column":6},"end":{"line":73,"column":null}},"34":{"start":{"line":74,"column":6},"end":{"line":74,"column":null}},"35":{"start":{"line":78,"column":17},"end":{"line":78,"column":null}},"36":{"start":{"line":79,"column":4},"end":{"line":79,"column":null}},"37":{"start":{"line":81,"column":4},"end":{"line":81,"column":null}},"38":{"start":{"line":82,"column":4},"end":{"line":82,"column":null}},"39":{"start":{"line":85,"column":2},"end":{"line":93,"column":null}}},"fnMap":{"0":{"name":"(anonymous_0)","decl":{"start":{"line":10,"column":23},"end":{"line":10,"column":null}},"loc":{"start":{"line":10,"column":23},"end":{"line":94,"column":null}},"line":10},"1":{"name":"(anonymous_1)","decl":{"start":{"line":16,"column":28},"end":{"line":16,"column":35}},"loc":{"start":{"line":16,"column":35},"end":{"line":30,"column":null}},"line":16},"2":{"name":"(anonymous_2)","decl":{"start":{"line":32,"column":37},"end":{"line":32,"column":38}},"loc":{"start":{"line":32,"column":38},"end":{"line":49,"column":null}},"line":32},"3":{"name":"(anonymous_3)","decl":{"start":{"line":34,"column":24},"end":{"line":34,"column":25}},"loc":{"start":{"line":34,"column":25},"end":{"line":48,"column":null}},"line":34},"4":{"name":"(anonymous_4)","decl":{"start":{"line":39,"column":8},"end":{"line":39,"column":9}},"loc":{"start":{"line":39,"column":18},"end":{"line":39,"column":null}},"line":39},"5":{"name":"(anonymous_5)","decl":{"start":{"line":51,"column":23},"end":{"line":51,"column":30}},"loc":{"start":{"line":51,"column":30},"end":{"line":83,"column":null}},"line":51}},"branchMap":{"0":{"loc":{"start":{"line":22,"column":4},"end":{"line":25,"column":null}},"type":"if","locations":[{"start":{"line":22,"column":4},"end":{"line":25,"column":null}},{"start":{},"end":{}}],"line":22},"1":{"loc":{"start":{"line":43,"column":6},"end":{"line":45,"column":null}},"type":"if","locations":[{"start":{"line":43,"column":6},"end":{"line":45,"column":null}},{"start":{},"end":{}}],"line":43},"2":{"loc":{"start":{"line":52,"column":4},"end":{"line":55,"column":null}},"type":"if","locations":[{"start":{"line":52,"column":4},"end":{"line":55,"column":null}},{"start":{},"end":{}}],"line":52},"3":{"loc":{"start":{"line":61,"column":4},"end":{"line":61,"column":null}},"type":"if","locations":[{"start":{"line":61,"column":4},"end":{"line":61,"column":null}},{"start":{},"end":{}}],"line":61},"4":{"loc":{"start":{"line":67,"column":4},"end":{"line":67,"column":null}},"type":"if","locations":[{"start":{"line":67,"column":4},"end":{"line":67,"column":null}},{"start":{},"end":{}}],"line":67},"5":{"loc":{"start":{"line":72,"column":4},"end":{"line":75,"column":null}},"type":"if","locations":[{"start":{"line":72,"column":4},"end":{"line":75,"column":null}},{"start":{},"end":{}}],"line":72}},"s":{"0":2,"1":25,"2":25,"3":25,"4":25,"5":25,"6":3,"7":3,"8":3,"9":1,"10":1,"11":2,"12":2,"13":2,"14":25,"15":16,"16":16,"17":45,"18":16,"19":2,"20":16,"21":25,"22":17,"23":0,"24":0,"25":17,"26":17,"27":1,"28":16,"29":16,"30":3,"31":13,"32":13,"33":0,"34":0,"35":13,"36":13,"37":13,"38":13,"39":25},"f":{"0":25,"1":3,"2":16,"3":16,"4":45,"5":17},"b":{"0":[1,2],"1":[2,14],"2":[0,17],"3":[1,16],"4":[3,13],"5":[0,13]},"meta":{"lastBranch":6,"lastFunction":6,"lastStatement":40,"seen":{"s:10:23:94:Infinity":0,"f:10:23:10:Infinity":0,"s:11:47:11:Infinity":1,"s:12:33:12:Infinity":2,"s:13:8:13:Infinity":3,"s:14:8:14:Infinity":4,"s:16:28:30:Infinity":5,"f:16:28:16:35":1,"s:18:4:18:Infinity":6,"s:20:4:20:Infinity":7,"b:22:4:25:Infinity:undefined:undefined:undefined:undefined":0,"s:22:4:25:Infinity":8,"s:23:6:23:Infinity":9,"s:24:6:24:Infinity":10,"s:27:17:27:Infinity":11,"s:28:4:28:Infinity":12,"s:29:4:29:Infinity":13,"s:32:37:49:Infinity":14,"f:32:37:32:38":2,"s:34:4:48:Infinity":15,"f:34:24:34:25":3,"s:38:40:39:Infinity":16,"f:39:8:39:9":4,"s:39:18:39:Infinity":17,"b:43:6:45:Infinity:undefined:undefined:undefined:undefined":1,"s:43:6:45:Infinity":18,"s:44:8:44:Infinity":19,"s:47:6:47:Infinity":20,"s:51:23:83:Infinity":21,"f:51:23:51:30":5,"b:52:4:55:Infinity:undefined:undefined:undefined:undefined":2,"s:52:4:55:Infinity":22,"s:53:6:53:Infinity":23,"s:54:6:54:Infinity":24,"s:58:25:58:Infinity":25,"b:61:4:61:Infinity:undefined:undefined:undefined:undefined":3,"s:61:4:61:Infinity":26,"s:61:23:61:Infinity":27,"s:64:4:64:Infinity":28,"b:67:4:67:Infinity:undefined:undefined:undefined:undefined":4,"s:67:4:67:Infinity":29,"s:67:48:67:Infinity":30,"s:70:4:70:Infinity":31,"b:72:4:75:Infinity:undefined:undefined:undefined:undefined":5,"s:72:4:75:Infinity":32,"s:73:6:73:Infinity":33,"s:74:6:74:Infinity":34,"s:78:17:78:Infinity":35,"s:79:4:79:Infinity":36,"s:81:4:81:Infinity":37,"s:82:4:82:Infinity":38,"s:85:2:93:Infinity":39}}}
,"/home/felipe/Programming/Courses/React/DevTalles/04-gifs-app/src/sample-data/gifs.sample.ts": {"path":"/home/felipe/Programming/Courses/React/DevTalles/04-gifs-app/src/sample-data/gifs.sample.ts","statementMap":{"0":{"start":{"line":3,"column":33},"end":{"line":46,"column":null}}},"fnMap":{},"branchMap":{},"s":{"0":2},"f":{},"b":{},"meta":{"lastBranch":0,"lastFunction":0,"lastStatement":1,"seen":{"s:3:33:46:Infinity":0}}}
,"/home/felipe/Programming/Courses/React/DevTalles/04-gifs-app/src/shared/components/AppHeader.tsx": {"path":"/home/felipe/Programming/Courses/React/DevTalles/04-gifs-app/src/shared/components/AppHeader.tsx","statementMap":{"0":{"start":{"line":6,"column":25},"end":{"line":16,"column":null}},"1":{"start":{"line":7,"column":2},"end":{"line":13,"column":null}}},"fnMap":{"0":{"name":"(anonymous_0)","decl":{"start":{"line":6,"column":25},"end":{"line":6,"column":35}},"loc":{"start":{"line":6,"column":64},"end":{"line":16,"column":null}},"line":6}},"branchMap":{"0":{"loc":{"start":{"line":13,"column":7},"end":{"line":13,"column":null}},"type":"binary-expr","locations":[{"start":{"line":13,"column":7},"end":{"line":13,"column":22}},{"start":{"line":13,"column":7},"end":{"line":13,"column":null}}],"line":13}},"s":{"0":2,"1":4},"f":{"0":4},"b":{"0":[4,2]},"meta":{"lastBranch":1,"lastFunction":1,"lastStatement":2,"seen":{"s:6:25:16:Infinity":0,"f:6:25:6:35":0,"s:7:2:13:Infinity":1,"b:13:7:13:22:13:7:13:Infinity":0}}}
,"/home/felipe/Programming/Courses/React/DevTalles/04-gifs-app/src/shared/components/PreviousSearches.tsx": {"path":"/home/felipe/Programming/Courses/React/DevTalles/04-gifs-app/src/shared/components/PreviousSearches.tsx","statementMap":{"0":{"start":{"line":10,"column":43},"end":{"line":29,"column":null}},"1":{"start":{"line":14,"column":2},"end":{"line":19,"column":null}},"2":{"start":{"line":17,"column":35},"end":{"line":19,"column":null}},"3":{"start":{"line":21,"column":27},"end":{"line":21,"column":null}}},"fnMap":{"0":{"name":"(anonymous_0)","decl":{"start":{"line":10,"column":43},"end":{"line":10,"column":53}},"loc":{"start":{"line":13,"column":1},"end":{"line":29,"column":null}},"line":13},"1":{"name":"(anonymous_1)","decl":{"start":{"line":17,"column":34},"end":{"line":17,"column":35}},"loc":{"start":{"line":17,"column":35},"end":{"line":19,"column":null}},"line":17},"2":{"name":"(anonymous_2)","decl":{"start":{"line":21,"column":21},"end":{"line":21,"column":27}},"loc":{"start":{"line":21,"column":27},"end":{"line":21,"column":null}},"line":21}},"branchMap":{},"s":{"0":1,"1":1,"2":0,"3":0},"f":{"0":1,"1":0,"2":0},"b":{},"meta":{"lastBranch":0,"lastFunction":3,"lastStatement":4,"seen":{"s:10:43:29:Infinity":0,"f:10:43:10:53":0,"s:14:2:19:Infinity":1,"f:17:34:17:35":1,"s:17:35:19:Infinity":2,"f:21:21:21:27":2,"s:21:27:21:Infinity":3}}}
,"/home/felipe/Programming/Courses/React/DevTalles/04-gifs-app/src/shared/components/SearchBar.tsx": {"path":"/home/felipe/Programming/Courses/React/DevTalles/04-gifs-app/src/shared/components/SearchBar.tsx","statementMap":{"0":{"start":{"line":12,"column":25},"end":{"line":72,"column":null}},"1":{"start":{"line":20,"column":6},"end":{"line":20,"column":null}},"2":{"start":{"line":22,"column":25},"end":{"line":22,"column":null}},"3":{"start":{"line":24,"column":2},"end":{"line":32,"column":null}},"4":{"start":{"line":25,"column":22},"end":{"line":27,"column":null}},"5":{"start":{"line":26,"column":6},"end":{"line":26,"column":null}},"6":{"start":{"line":29,"column":4},"end":{"line":31,"column":null}},"7":{"start":{"line":30,"column":6},"end":{"line":30,"column":null}},"8":{"start":{"line":34,"column":22},"end":{"line":37,"column":null}},"9":{"start":{"line":35,"column":4},"end":{"line":35,"column":null}},"10":{"start":{"line":40,"column":24},"end":{"line":45,"column":null}},"11":{"start":{"line":41,"column":4},"end":{"line":44,"column":null}},"12":{"start":{"line":42,"column":6},"end":{"line":42,"column":null}},"13":{"start":{"line":43,"column":6},"end":{"line":43,"column":null}},"14":{"start":{"line":47,"column":2},"end":{"line":68,"column":null}},"15":{"start":{"line":54,"column":29},"end":{"line":54,"column":null}}},"fnMap":{"0":{"name":"(anonymous_0)","decl":{"start":{"line":12,"column":25},"end":{"line":12,"column":35}},"loc":{"start":{"line":12,"column":47},"end":{"line":72,"column":null}},"line":12},"1":{"name":"(anonymous_1)","decl":{"start":{"line":24,"column":12},"end":{"line":24,"column":null}},"loc":{"start":{"line":24,"column":12},"end":{"line":32,"column":5}},"line":24},"2":{"name":"(anonymous_2)","decl":{"start":{"line":25,"column":33},"end":{"line":25,"column":null}},"loc":{"start":{"line":25,"column":33},"end":{"line":27,"column":7}},"line":25},"3":{"name":"(anonymous_3)","decl":{"start":{"line":29,"column":11},"end":{"line":29,"column":null}},"loc":{"start":{"line":29,"column":11},"end":{"line":31,"column":null}},"line":29},"4":{"name":"(anonymous_4)","decl":{"start":{"line":34,"column":22},"end":{"line":34,"column":null}},"loc":{"start":{"line":34,"column":22},"end":{"line":37,"column":null}},"line":34},"5":{"name":"(anonymous_5)","decl":{"start":{"line":40,"column":24},"end":{"line":40,"column":25}},"loc":{"start":{"line":40,"column":25},"end":{"line":45,"column":null}},"line":40},"6":{"name":"(anonymous_6)","decl":{"start":{"line":54,"column":18},"end":{"line":54,"column":19}},"loc":{"start":{"line":54,"column":29},"end":{"line":54,"column":null}},"line":54}},"branchMap":{"0":{"loc":{"start":{"line":16,"column":4},"end":{"line":16,"column":19}},"type":"default-arg","locations":[{"start":{"line":16,"column":11},"end":{"line":16,"column":19}}],"line":16},"1":{"loc":{"start":{"line":17,"column":4},"end":{"line":17,"column":17}},"type":"default-arg","locations":[{"start":{"line":17,"column":9},"end":{"line":17,"column":17}}],"line":17},"2":{"loc":{"start":{"line":41,"column":4},"end":{"line":44,"column":null}},"type":"if","locations":[{"start":{"line":41,"column":4},"end":{"line":44,"column":null}},{"start":{},"end":{}}],"line":41},"3":{"loc":{"start":{"line":68,"column":9},"end":{"line":68,"column":null}},"type":"binary-expr","locations":[{"start":{"line":68,"column":9},"end":{"line":68,"column":23}},{"start":{"line":68,"column":23},"end":{"line":68,"column":null}}],"line":68}},"s":{"0":2,"1":12,"2":12,"3":12,"4":12,"5":3,"6":12,"7":12,"8":12,"9":1,"10":12,"11":0,"12":0,"13":0,"14":12,"15":6},"f":{"0":12,"1":12,"2":3,"3":12,"4":1,"5":0,"6":6},"b":{"0":[12],"1":[12],"2":[0,0],"3":[12,12]},"meta":{"lastBranch":4,"lastFunction":7,"lastStatement":16,"seen":{"s:12:25:72:Infinity":0,"f:12:25:12:35":0,"s:20:6:20:Infinity":1,"b:16:11:16:19":0,"b:17:9:17:17":1,"s:22:25:22:Infinity":2,"s:24:2:32:Infinity":3,"f:24:12:24:Infinity":1,"s:25:22:27:Infinity":4,"f:25:33:25:Infinity":2,"s:26:6:26:Infinity":5,"s:29:4:31:Infinity":6,"f:29:11:29:Infinity":3,"s:30:6:30:Infinity":7,"s:34:22:37:Infinity":8,"f:34:22:34:Infinity":4,"s:35:4:35:Infinity":9,"s:40:24:45:Infinity":10,"f:40:24:40:25":5,"b:41:4:44:Infinity:undefined:undefined:undefined:undefined":2,"s:41:4:44:Infinity":11,"s:42:6:42:Infinity":12,"s:43:6:43:Infinity":13,"s:47:2:68:Infinity":14,"f:54:18:54:19":6,"s:54:29:54:Infinity":15,"b:68:9:68:23:68:23:68:Infinity":3}}}
,"/home/felipe/Programming/Courses/React/DevTalles/04-gifs-app/tests/mocks/giphy.response.data.ts": {"path":"/home/felipe/Programming/Courses/React/DevTalles/04-gifs-app/tests/mocks/giphy.response.data.ts","statementMap":{"0":{"start":{"line":1,"column":39},"end":{"line":1105,"column":null}}},"fnMap":{},"branchMap":{},"s":{"0":1},"f":{},"b":{},"meta":{"lastBranch":0,"lastFunction":0,"lastStatement":1,"seen":{"s:1:39:1105:Infinity":0}}}
}
